info: ::1 - - [21/Dec/2023:07:00:29 +0000] "POST /api/v1/users/registerUser HTTP/1.1" 400 30 "-" "PostmanRuntime/7.36.0"

info: ::1 - - [21/Dec/2023:07:01:08 +0000] "POST /api/v1/users/registerUser HTTP/1.1" 400 62 "-" "PostmanRuntime/7.36.0"

info: ::1 - - [21/Dec/2023:07:02:26 +0000] "POST /api/v1/users/registerUser HTTP/1.1" 201 287 "-" "PostmanRuntime/7.36.0"

info: ::1 - - [21/Dec/2023:07:02:29 +0000] "POST /api/v1/users/registerUser HTTP/1.1" 400 33 "-" "PostmanRuntime/7.36.0"

error: uncaughtException: listen EADDRINUSE: address already in use :::3000
Error: listen EADDRINUSE: address already in use :::3000
    at Server.setupListenHandle [as _listen2] (node:net:1463:16)
    at listenInCluster (node:net:1511:12)
    at Server.listen (node:net:1599:7)
    at Function.listen (C:\Users\Yashwanth\OneDrive\Desktop\FUNDOO\fundooproject\node_modules\express\lib\application.js:635:24)
    at Object.<anonymous> (C:\Users\Yashwanth\OneDrive\Desktop\FUNDOO\fundooproject\src\/index.js:37:5)
    at Module._compile (node:internal/modules/cjs/loader:1198:14)
    at Module._compile (C:\Users\Yashwanth\OneDrive\Desktop\FUNDOO\fundooproject\node_modules\pirates\lib\index.js:117:24)
    at Module._extensions..js (node:internal/modules/cjs/loader:1252:10)
    at Object.newLoader [as .js] (C:\Users\Yashwanth\OneDrive\Desktop\FUNDOO\fundooproject\node_modules\pirates\lib\index.js:121:7)
    at Module.load (node:internal/modules/cjs/loader:1076:32)
    at Function.Module._load (node:internal/modules/cjs/loader:911:12)
    at Function.runMain (node:internal/modules/run_main:81:12)
    at Object.<anonymous> (C:\Users\Yashwanth\OneDrive\Desktop\FUNDOO\fundooproject\node_modules\@babel\node\src\_babel-node.ts:222:12)
    at Module._compile (node:internal/modules/cjs/loader:1198:14)
    at Object.Module._extensions..js (node:internal/modules/cjs/loader:1252:10)
    at Module.load (node:internal/modules/cjs/loader:1076:32)
    at Function.Module._load (node:internal/modules/cjs/loader:911:12)
    at Function.executeUserEntryPoint [as runMain] (node:internal/modules/run_main:81:12)
    at node:internal/main/run_main_module:22:47 {"date":"Thu Dec 21 2023 13:17:12 GMT+0530 (India Standard Time)","error":{"address":"::","code":"EADDRINUSE","errno":-4091,"port":3000,"syscall":"listen"},"exception":true,"os":{"loadavg":[0,0,0],"uptime":518197},"process":{"argv":["node","C:\\Users\\Yashwanth\\OneDrive\\Desktop\\FUNDOO\\fundooproject\\src\\index.js"],"cwd":"C:\\Users\\Yashwanth\\OneDrive\\Desktop\\FUNDOO\\fundooproject","execPath":"C:\\Program Files\\nodejs\\node.exe","gid":null,"memoryUsage":{"arrayBuffers":19047693,"external":24247528,"heapTotal":82743296,"heapUsed":53768456,"rss":118411264},"pid":18816,"uid":null,"version":"v16.20.2"},"stack":"Error: listen EADDRINUSE: address already in use :::3000\n    at Server.setupListenHandle [as _listen2] (node:net:1463:16)\n    at listenInCluster (node:net:1511:12)\n    at Server.listen (node:net:1599:7)\n    at Function.listen (C:\\Users\\Yashwanth\\OneDrive\\Desktop\\FUNDOO\\fundooproject\\node_modules\\express\\lib\\application.js:635:24)\n    at Object.<anonymous> (C:\\Users\\Yashwanth\\OneDrive\\Desktop\\FUNDOO\\fundooproject\\src\\/index.js:37:5)\n    at Module._compile (node:internal/modules/cjs/loader:1198:14)\n    at Module._compile (C:\\Users\\Yashwanth\\OneDrive\\Desktop\\FUNDOO\\fundooproject\\node_modules\\pirates\\lib\\index.js:117:24)\n    at Module._extensions..js (node:internal/modules/cjs/loader:1252:10)\n    at Object.newLoader [as .js] (C:\\Users\\Yashwanth\\OneDrive\\Desktop\\FUNDOO\\fundooproject\\node_modules\\pirates\\lib\\index.js:121:7)\n    at Module.load (node:internal/modules/cjs/loader:1076:32)\n    at Function.Module._load (node:internal/modules/cjs/loader:911:12)\n    at Function.runMain (node:internal/modules/run_main:81:12)\n    at Object.<anonymous> (C:\\Users\\Yashwanth\\OneDrive\\Desktop\\FUNDOO\\fundooproject\\node_modules\\@babel\\node\\src\\_babel-node.ts:222:12)\n    at Module._compile (node:internal/modules/cjs/loader:1198:14)\n    at Object.Module._extensions..js (node:internal/modules/cjs/loader:1252:10)\n    at Module.load (node:internal/modules/cjs/loader:1076:32)\n    at Function.Module._load (node:internal/modules/cjs/loader:911:12)\n    at Function.executeUserEntryPoint [as runMain] (node:internal/modules/run_main:81:12)\n    at node:internal/main/run_main_module:22:47","trace":[{"column":16,"file":"node:net","function":"Server.setupListenHandle [as _listen2]","line":1463,"method":"setupListenHandle [as _listen2]","native":false},{"column":12,"file":"node:net","function":"listenInCluster","line":1511,"method":null,"native":false},{"column":7,"file":"node:net","function":"Server.listen","line":1599,"method":"listen","native":false},{"column":24,"file":"C:\\Users\\Yashwanth\\OneDrive\\Desktop\\FUNDOO\\fundooproject\\node_modules\\express\\lib\\application.js","function":"Function.listen","line":635,"method":"listen","native":false},{"column":5,"file":"C:\\Users\\Yashwanth\\OneDrive\\Desktop\\FUNDOO\\fundooproject\\src\\/index.js","function":null,"line":37,"method":null,"native":false},{"column":14,"file":"node:internal/modules/cjs/loader","function":"Module._compile","line":1198,"method":"_compile","native":false},{"column":24,"file":"C:\\Users\\Yashwanth\\OneDrive\\Desktop\\FUNDOO\\fundooproject\\node_modules\\pirates\\lib\\index.js","function":"Module._compile","line":117,"method":"_compile","native":false},{"column":10,"file":"node:internal/modules/cjs/loader","function":"Module._extensions..js","line":1252,"method":".js","native":false},{"column":7,"file":"C:\\Users\\Yashwanth\\OneDrive\\Desktop\\FUNDOO\\fundooproject\\node_modules\\pirates\\lib\\index.js","function":"Object.newLoader [as .js]","line":121,"method":"js]","native":false},{"column":32,"file":"node:internal/modules/cjs/loader","function":"Module.load","line":1076,"method":"load","native":false},{"column":12,"file":"node:internal/modules/cjs/loader","function":"Module._load","line":911,"method":"_load","native":false},{"column":12,"file":"node:internal/modules/run_main","function":"Function.runMain","line":81,"method":"runMain","native":false},{"column":12,"file":"C:\\Users\\Yashwanth\\OneDrive\\Desktop\\FUNDOO\\fundooproject\\node_modules\\@babel\\node\\src\\_babel-node.ts","function":null,"line":222,"method":null,"native":false},{"column":14,"file":"node:internal/modules/cjs/loader","function":"Module._compile","line":1198,"method":"_compile","native":false},{"column":10,"file":"node:internal/modules/cjs/loader","function":"Module._extensions..js","line":1252,"method":".js","native":false},{"column":32,"file":"node:internal/modules/cjs/loader","function":"Module.load","line":1076,"method":"load","native":false},{"column":12,"file":"node:internal/modules/cjs/loader","function":"Module._load","line":911,"method":"_load","native":false},{"column":12,"file":"node:internal/modules/run_main","function":"Function.executeUserEntryPoint [as runMain]","line":81,"method":"executeUserEntryPoint [as runMain]","native":false},{"column":47,"file":"node:internal/main/run_main_module","function":null,"line":22,"method":null,"native":false}]}
error: uncaughtException: listen EADDRINUSE: address already in use :::3000
Error: listen EADDRINUSE: address already in use :::3000
    at Server.setupListenHandle [as _listen2] (node:net:1463:16)
    at listenInCluster (node:net:1511:12)
    at Server.listen (node:net:1599:7)
    at Function.listen (C:\Users\Yashwanth\OneDrive\Desktop\FUNDOO\fundooproject\node_modules\express\lib\application.js:635:24)
    at Object.<anonymous> (C:\Users\Yashwanth\OneDrive\Desktop\FUNDOO\fundooproject\src\/index.js:37:5)
    at Module._compile (node:internal/modules/cjs/loader:1198:14)
    at Module._compile (C:\Users\Yashwanth\OneDrive\Desktop\FUNDOO\fundooproject\node_modules\pirates\lib\index.js:117:24)
    at Module._extensions..js (node:internal/modules/cjs/loader:1252:10)
    at Object.newLoader [as .js] (C:\Users\Yashwanth\OneDrive\Desktop\FUNDOO\fundooproject\node_modules\pirates\lib\index.js:121:7)
    at Module.load (node:internal/modules/cjs/loader:1076:32)
    at Function.Module._load (node:internal/modules/cjs/loader:911:12)
    at Function.runMain (node:internal/modules/run_main:81:12)
    at Object.<anonymous> (C:\Users\Yashwanth\OneDrive\Desktop\FUNDOO\fundooproject\node_modules\@babel\node\src\_babel-node.ts:222:12)
    at Module._compile (node:internal/modules/cjs/loader:1198:14)
    at Object.Module._extensions..js (node:internal/modules/cjs/loader:1252:10)
    at Module.load (node:internal/modules/cjs/loader:1076:32)
    at Function.Module._load (node:internal/modules/cjs/loader:911:12)
    at Function.executeUserEntryPoint [as runMain] (node:internal/modules/run_main:81:12)
    at node:internal/main/run_main_module:22:47 {"date":"Thu Dec 21 2023 13:17:41 GMT+0530 (India Standard Time)","error":{"address":"::","code":"EADDRINUSE","errno":-4091,"port":3000,"syscall":"listen"},"exception":true,"os":{"loadavg":[0,0,0],"uptime":518227},"process":{"argv":["node","C:\\Users\\Yashwanth\\OneDrive\\Desktop\\FUNDOO\\fundooproject\\src\\index.js"],"cwd":"C:\\Users\\Yashwanth\\OneDrive\\Desktop\\FUNDOO\\fundooproject","execPath":"C:\\Program Files\\nodejs\\node.exe","gid":null,"memoryUsage":{"arrayBuffers":19110827,"external":29421643,"heapTotal":82219008,"heapUsed":54327352,"rss":117788672},"pid":7968,"uid":null,"version":"v16.20.2"},"stack":"Error: listen EADDRINUSE: address already in use :::3000\n    at Server.setupListenHandle [as _listen2] (node:net:1463:16)\n    at listenInCluster (node:net:1511:12)\n    at Server.listen (node:net:1599:7)\n    at Function.listen (C:\\Users\\Yashwanth\\OneDrive\\Desktop\\FUNDOO\\fundooproject\\node_modules\\express\\lib\\application.js:635:24)\n    at Object.<anonymous> (C:\\Users\\Yashwanth\\OneDrive\\Desktop\\FUNDOO\\fundooproject\\src\\/index.js:37:5)\n    at Module._compile (node:internal/modules/cjs/loader:1198:14)\n    at Module._compile (C:\\Users\\Yashwanth\\OneDrive\\Desktop\\FUNDOO\\fundooproject\\node_modules\\pirates\\lib\\index.js:117:24)\n    at Module._extensions..js (node:internal/modules/cjs/loader:1252:10)\n    at Object.newLoader [as .js] (C:\\Users\\Yashwanth\\OneDrive\\Desktop\\FUNDOO\\fundooproject\\node_modules\\pirates\\lib\\index.js:121:7)\n    at Module.load (node:internal/modules/cjs/loader:1076:32)\n    at Function.Module._load (node:internal/modules/cjs/loader:911:12)\n    at Function.runMain (node:internal/modules/run_main:81:12)\n    at Object.<anonymous> (C:\\Users\\Yashwanth\\OneDrive\\Desktop\\FUNDOO\\fundooproject\\node_modules\\@babel\\node\\src\\_babel-node.ts:222:12)\n    at Module._compile (node:internal/modules/cjs/loader:1198:14)\n    at Object.Module._extensions..js (node:internal/modules/cjs/loader:1252:10)\n    at Module.load (node:internal/modules/cjs/loader:1076:32)\n    at Function.Module._load (node:internal/modules/cjs/loader:911:12)\n    at Function.executeUserEntryPoint [as runMain] (node:internal/modules/run_main:81:12)\n    at node:internal/main/run_main_module:22:47","trace":[{"column":16,"file":"node:net","function":"Server.setupListenHandle [as _listen2]","line":1463,"method":"setupListenHandle [as _listen2]","native":false},{"column":12,"file":"node:net","function":"listenInCluster","line":1511,"method":null,"native":false},{"column":7,"file":"node:net","function":"Server.listen","line":1599,"method":"listen","native":false},{"column":24,"file":"C:\\Users\\Yashwanth\\OneDrive\\Desktop\\FUNDOO\\fundooproject\\node_modules\\express\\lib\\application.js","function":"Function.listen","line":635,"method":"listen","native":false},{"column":5,"file":"C:\\Users\\Yashwanth\\OneDrive\\Desktop\\FUNDOO\\fundooproject\\src\\/index.js","function":null,"line":37,"method":null,"native":false},{"column":14,"file":"node:internal/modules/cjs/loader","function":"Module._compile","line":1198,"method":"_compile","native":false},{"column":24,"file":"C:\\Users\\Yashwanth\\OneDrive\\Desktop\\FUNDOO\\fundooproject\\node_modules\\pirates\\lib\\index.js","function":"Module._compile","line":117,"method":"_compile","native":false},{"column":10,"file":"node:internal/modules/cjs/loader","function":"Module._extensions..js","line":1252,"method":".js","native":false},{"column":7,"file":"C:\\Users\\Yashwanth\\OneDrive\\Desktop\\FUNDOO\\fundooproject\\node_modules\\pirates\\lib\\index.js","function":"Object.newLoader [as .js]","line":121,"method":"js]","native":false},{"column":32,"file":"node:internal/modules/cjs/loader","function":"Module.load","line":1076,"method":"load","native":false},{"column":12,"file":"node:internal/modules/cjs/loader","function":"Module._load","line":911,"method":"_load","native":false},{"column":12,"file":"node:internal/modules/run_main","function":"Function.runMain","line":81,"method":"runMain","native":false},{"column":12,"file":"C:\\Users\\Yashwanth\\OneDrive\\Desktop\\FUNDOO\\fundooproject\\node_modules\\@babel\\node\\src\\_babel-node.ts","function":null,"line":222,"method":null,"native":false},{"column":14,"file":"node:internal/modules/cjs/loader","function":"Module._compile","line":1198,"method":"_compile","native":false},{"column":10,"file":"node:internal/modules/cjs/loader","function":"Module._extensions..js","line":1252,"method":".js","native":false},{"column":32,"file":"node:internal/modules/cjs/loader","function":"Module.load","line":1076,"method":"load","native":false},{"column":12,"file":"node:internal/modules/cjs/loader","function":"Module._load","line":911,"method":"_load","native":false},{"column":12,"file":"node:internal/modules/run_main","function":"Function.executeUserEntryPoint [as runMain]","line":81,"method":"executeUserEntryPoint [as runMain]","native":false},{"column":47,"file":"node:internal/main/run_main_module","function":null,"line":22,"method":null,"native":false}]}
error: uncaughtException: listen EADDRINUSE: address already in use :::3000
Error: listen EADDRINUSE: address already in use :::3000
    at Server.setupListenHandle [as _listen2] (node:net:1463:16)
    at listenInCluster (node:net:1511:12)
    at Server.listen (node:net:1599:7)
    at Function.listen (C:\Users\Yashwanth\OneDrive\Desktop\FUNDOO\fundooproject\node_modules\express\lib\application.js:635:24)
    at Object.<anonymous> (C:\Users\Yashwanth\OneDrive\Desktop\FUNDOO\fundooproject\src\/index.js:37:5)
    at Module._compile (node:internal/modules/cjs/loader:1198:14)
    at Module._compile (C:\Users\Yashwanth\OneDrive\Desktop\FUNDOO\fundooproject\node_modules\pirates\lib\index.js:117:24)
    at Module._extensions..js (node:internal/modules/cjs/loader:1252:10)
    at Object.newLoader [as .js] (C:\Users\Yashwanth\OneDrive\Desktop\FUNDOO\fundooproject\node_modules\pirates\lib\index.js:121:7)
    at Module.load (node:internal/modules/cjs/loader:1076:32)
    at Function.Module._load (node:internal/modules/cjs/loader:911:12)
    at Function.runMain (node:internal/modules/run_main:81:12)
    at Object.<anonymous> (C:\Users\Yashwanth\OneDrive\Desktop\FUNDOO\fundooproject\node_modules\@babel\node\src\_babel-node.ts:222:12)
    at Module._compile (node:internal/modules/cjs/loader:1198:14)
    at Object.Module._extensions..js (node:internal/modules/cjs/loader:1252:10)
    at Module.load (node:internal/modules/cjs/loader:1076:32)
    at Function.Module._load (node:internal/modules/cjs/loader:911:12)
    at Function.executeUserEntryPoint [as runMain] (node:internal/modules/run_main:81:12)
    at node:internal/main/run_main_module:22:47 {"date":"Thu Dec 21 2023 13:18:05 GMT+0530 (India Standard Time)","error":{"address":"::","code":"EADDRINUSE","errno":-4091,"port":3000,"syscall":"listen"},"exception":true,"os":{"loadavg":[0,0,0],"uptime":518250},"process":{"argv":["node","C:\\Users\\Yashwanth\\OneDrive\\Desktop\\FUNDOO\\fundooproject\\src\\index.js"],"cwd":"C:\\Users\\Yashwanth\\OneDrive\\Desktop\\FUNDOO\\fundooproject","execPath":"C:\\Program Files\\nodejs\\node.exe","gid":null,"memoryUsage":{"arrayBuffers":19371354,"external":23910919,"heapTotal":85106688,"heapUsed":58708352,"rss":120553472},"pid":17164,"uid":null,"version":"v16.20.2"},"stack":"Error: listen EADDRINUSE: address already in use :::3000\n    at Server.setupListenHandle [as _listen2] (node:net:1463:16)\n    at listenInCluster (node:net:1511:12)\n    at Server.listen (node:net:1599:7)\n    at Function.listen (C:\\Users\\Yashwanth\\OneDrive\\Desktop\\FUNDOO\\fundooproject\\node_modules\\express\\lib\\application.js:635:24)\n    at Object.<anonymous> (C:\\Users\\Yashwanth\\OneDrive\\Desktop\\FUNDOO\\fundooproject\\src\\/index.js:37:5)\n    at Module._compile (node:internal/modules/cjs/loader:1198:14)\n    at Module._compile (C:\\Users\\Yashwanth\\OneDrive\\Desktop\\FUNDOO\\fundooproject\\node_modules\\pirates\\lib\\index.js:117:24)\n    at Module._extensions..js (node:internal/modules/cjs/loader:1252:10)\n    at Object.newLoader [as .js] (C:\\Users\\Yashwanth\\OneDrive\\Desktop\\FUNDOO\\fundooproject\\node_modules\\pirates\\lib\\index.js:121:7)\n    at Module.load (node:internal/modules/cjs/loader:1076:32)\n    at Function.Module._load (node:internal/modules/cjs/loader:911:12)\n    at Function.runMain (node:internal/modules/run_main:81:12)\n    at Object.<anonymous> (C:\\Users\\Yashwanth\\OneDrive\\Desktop\\FUNDOO\\fundooproject\\node_modules\\@babel\\node\\src\\_babel-node.ts:222:12)\n    at Module._compile (node:internal/modules/cjs/loader:1198:14)\n    at Object.Module._extensions..js (node:internal/modules/cjs/loader:1252:10)\n    at Module.load (node:internal/modules/cjs/loader:1076:32)\n    at Function.Module._load (node:internal/modules/cjs/loader:911:12)\n    at Function.executeUserEntryPoint [as runMain] (node:internal/modules/run_main:81:12)\n    at node:internal/main/run_main_module:22:47","trace":[{"column":16,"file":"node:net","function":"Server.setupListenHandle [as _listen2]","line":1463,"method":"setupListenHandle [as _listen2]","native":false},{"column":12,"file":"node:net","function":"listenInCluster","line":1511,"method":null,"native":false},{"column":7,"file":"node:net","function":"Server.listen","line":1599,"method":"listen","native":false},{"column":24,"file":"C:\\Users\\Yashwanth\\OneDrive\\Desktop\\FUNDOO\\fundooproject\\node_modules\\express\\lib\\application.js","function":"Function.listen","line":635,"method":"listen","native":false},{"column":5,"file":"C:\\Users\\Yashwanth\\OneDrive\\Desktop\\FUNDOO\\fundooproject\\src\\/index.js","function":null,"line":37,"method":null,"native":false},{"column":14,"file":"node:internal/modules/cjs/loader","function":"Module._compile","line":1198,"method":"_compile","native":false},{"column":24,"file":"C:\\Users\\Yashwanth\\OneDrive\\Desktop\\FUNDOO\\fundooproject\\node_modules\\pirates\\lib\\index.js","function":"Module._compile","line":117,"method":"_compile","native":false},{"column":10,"file":"node:internal/modules/cjs/loader","function":"Module._extensions..js","line":1252,"method":".js","native":false},{"column":7,"file":"C:\\Users\\Yashwanth\\OneDrive\\Desktop\\FUNDOO\\fundooproject\\node_modules\\pirates\\lib\\index.js","function":"Object.newLoader [as .js]","line":121,"method":"js]","native":false},{"column":32,"file":"node:internal/modules/cjs/loader","function":"Module.load","line":1076,"method":"load","native":false},{"column":12,"file":"node:internal/modules/cjs/loader","function":"Module._load","line":911,"method":"_load","native":false},{"column":12,"file":"node:internal/modules/run_main","function":"Function.runMain","line":81,"method":"runMain","native":false},{"column":12,"file":"C:\\Users\\Yashwanth\\OneDrive\\Desktop\\FUNDOO\\fundooproject\\node_modules\\@babel\\node\\src\\_babel-node.ts","function":null,"line":222,"method":null,"native":false},{"column":14,"file":"node:internal/modules/cjs/loader","function":"Module._compile","line":1198,"method":"_compile","native":false},{"column":10,"file":"node:internal/modules/cjs/loader","function":"Module._extensions..js","line":1252,"method":".js","native":false},{"column":32,"file":"node:internal/modules/cjs/loader","function":"Module.load","line":1076,"method":"load","native":false},{"column":12,"file":"node:internal/modules/cjs/loader","function":"Module._load","line":911,"method":"_load","native":false},{"column":12,"file":"node:internal/modules/run_main","function":"Function.executeUserEntryPoint [as runMain]","line":81,"method":"executeUserEntryPoint [as runMain]","native":false},{"column":47,"file":"node:internal/main/run_main_module","function":null,"line":22,"method":null,"native":false}]}
info: ::1 - - [21/Dec/2023:07:51:00 +0000] "POST /api/v1/users/signUP HTTP/1.1" 404 47 "-" "PostmanRuntime/7.36.0"

info: ::1 - - [21/Dec/2023:07:51:13 +0000] "POST /api/v1/users/registerUser HTTP/1.1" 404 47 "-" "PostmanRuntime/7.36.0"

info: ::1 - - [21/Dec/2023:07:51:16 +0000] "POST /api/v1/users/registerUser HTTP/1.1" 404 47 "-" "PostmanRuntime/7.36.0"

info: ::1 - - [21/Dec/2023:07:51:49 +0000] "POST /api/v1/users/registerUser HTTP/1.1" 400 33 "-" "PostmanRuntime/7.36.0"

info: ::1 - - [21/Dec/2023:07:52:46 +0000] "POST /api/v1/users/registerUser HTTP/1.1" 400 44 "-" "PostmanRuntime/7.36.0"

